<?xml version="1.0" encoding="UTF-8"?>
<testng-results skipped="0" failed="0" total="1" passed="1">
  <reporter-output>
  </reporter-output>
  <suite name="Command line suite" duration-ms="1" started-at="2016-11-16T20:28:06Z" finished-at="2016-11-16T20:28:06Z">
    <groups>
      <group name="slow">
        <method signature="PodCastBundleTest.to_JSON()[pri:0, instance:com.podcastcatalog.api.response.PodCastBundleTest@299321e2]" name="to_JSON" class="com.podcastcatalog.api.response.PodCastBundleTest"/>
      </group> <!-- slow -->
    </groups>
    <test name="Command line test" duration-ms="1" started-at="2016-11-16T20:28:06Z" finished-at="2016-11-16T20:28:06Z">
      <class name="com.podcastcatalog.api.response.PodCastBundleTest">
        <test-method status="PASS" signature="to_JSON()[pri:0, instance:com.podcastcatalog.api.response.PodCastBundleTest@299321e2]" name="to_JSON" duration-ms="0" started-at="2016-11-16T21:28:06Z" finished-at="2016-11-16T21:28:06Z">
          <reporter-output>
          </reporter-output>
        </test-method> <!-- to_JSON -->
      </class> <!-- com.podcastcatalog.api.response.PodCastBundleTest -->
    </test> <!-- Command line test -->
  </suite> <!-- Command line suite -->
</testng-results>
